[    0.000000] Initializing cgroup subsys cpuset
[    0.000000] Initializing cgroup subsys cpu
[    0.000000] Initializing cgroup subsys cpuacct
[    0.000000] Linux version 4.4.0-165-generic (buildd@lgw01-amd64-027) (gcc version 5.4.0 20160609 (Ubuntu 5.4.0-6ubuntu1~16.04.10) ) #193-Ubuntu SMP Tue Sep 17 17:42:52 UTC 2019 (Ubuntu 4.4.0-165.193-generic 4.4.189)
[    0.000000] Command line: BOOT_IMAGE=/boot/vmlinuz-4.4.0-165-generic root=LABEL=cloudimg-rootfs ro console=tty1 console=ttyS0
[    0.000000] KERNEL supported cpus:
[    0.000000]   Intel GenuineIntel
[    0.000000]   AMD AuthenticAMD
[    0.000000]   Centaur CentaurHauls
[    0.000000] x86/fpu: xstate_offset[2]:  576, xstate_sizes[2]:  256
[    0.000000] x86/fpu: Supporting XSAVE feature 0x01: 'x87 floating point registers'
[    0.000000] x86/fpu: Supporting XSAVE feature 0x02: 'SSE registers'
[    0.000000] x86/fpu: Supporting XSAVE feature 0x04: 'AVX registers'
[    0.000000] x86/fpu: Enabled xstate features 0x7, context size is 832 bytes, using 'standard' format.
[    0.000000] e820: BIOS-provided physical RAM map:
[    0.000000] BIOS-e820: [mem 0x0000000000000000-0x000000000009fbff] usable
[    0.000000] BIOS-e820: [mem 0x000000000009fc00-0x000000000009ffff] reserved
[    0.000000] BIOS-e820: [mem 0x00000000000f0000-0x00000000000fffff] reserved
[    0.000000] BIOS-e820: [mem 0x0000000000100000-0x00000000dffeffff] usable
[    0.000000] BIOS-e820: [mem 0x00000000dfff0000-0x00000000dfffffff] ACPI data
[    0.000000] BIOS-e820: [mem 0x00000000fec00000-0x00000000fec00fff] reserved
[    0.000000] BIOS-e820: [mem 0x00000000fee00000-0x00000000fee00fff] reserved
[    0.000000] BIOS-e820: [mem 0x00000000fffc0000-0x00000000ffffffff] reserved
[    0.000000] BIOS-e820: [mem 0x0000000100000000-0x000000011fffffff] usable
[    0.000000] NX (Execute Disable) protection: active
[    0.000000] SMBIOS 2.5 present.
[    0.000000] Hypervisor detected: KVM
[    0.000000] Kernel/User page tables isolation: disabled
[    0.000000] e820: last_pfn = 0x120000 max_arch_pfn = 0x400000000
[    0.000000] MTRR: Disabled
[    0.000000] x86/PAT: MTRRs disabled, skipping PAT initialization too.
[    0.000000] CPU MTRRs all blank - virtualized system.
[    0.000000] x86/PAT: Configuration [0-7]: WB  WT  UC- UC  WB  WT  UC- UC  
[    0.000000] e820: last_pfn = 0xdfff0 max_arch_pfn = 0x400000000
[    0.000000] found SMP MP-table at [mem 0x0009fff0-0x0009ffff] mapped at [ffff88000009fff0]
[    0.000000] Scanning 1 areas for low memory corruption
[    0.000000] RAMDISK: [mem 0x362fa000-0x37174fff]
[    0.000000] ACPI: Early table checksum verification disabled
[    0.000000] ACPI: RSDP 0x00000000000E0000 000024 (v02 VBOX  )
[    0.000000] ACPI: XSDT 0x00000000DFFF0030 00003C (v01 VBOX   VBOXXSDT 00000001 ASL  00000061)
[    0.000000] ACPI: FACP 0x00000000DFFF00F0 0000F4 (v04 VBOX   VBOXFACP 00000001 ASL  00000061)
[    0.000000] ACPI: DSDT 0x00000000DFFF0470 0021FF (v02 VBOX   VBOXBIOS 00000002 INTL 20100528)
[    0.000000] ACPI: FACS 0x00000000DFFF0200 000040
[    0.000000] ACPI: FACS 0x00000000DFFF0200 000040
[    0.000000] ACPI: APIC 0x00000000DFFF0240 00005C (v02 VBOX   VBOXAPIC 00000001 ASL  00000061)
[    0.000000] ACPI: SSDT 0x00000000DFFF02A0 0001CC (v01 VBOX   VBOXCPUT 00000002 INTL 20100528)
[    0.000000] No NUMA configuration found
[    0.000000] Faking a node at [mem 0x0000000000000000-0x000000011fffffff]
[    0.000000] NODE_DATA(0) allocated [mem 0x11fff7000-0x11fffbfff]
[    0.000000] kvm-clock: Using msrs 4b564d01 and 4b564d00
[    0.000000] kvm-clock: cpu 0, msr 1:1ffef001, primary cpu clock
[    0.000000] kvm-clock: using sched offset of 3214250667 cycles
[    000000] clocksource: kvm-clock: mask: 0xffffffffffffffff max_cycles: 0x1cd42e4dffb, max_idle_ns: 881590591483 ns
[    0.000000] Zone ranges:
[    0.000000]   DMA      [mem 0x0000000000001000-0x0000000000ffffff]
[    0.000000]   DMA32    [mem 0x0000000001000000-0x00000000ffffffff]
[    0.000000]   Normal   [mem 0x0000000100000000-0x000000011fffffff]
[    0.000000]   Device   empty
[    0.000000] Movable zone start for each node
[    0.000000] Early memory node ranges
[    0.000000]   node   0: [mem 0x0000000000001000-0x000000000009efff]
[    0.000000]   node   0: [mem 0x0000000000100000-0x00000000dffeffff]
[    0.000000]   node   0: [mem 0x0000000100000000-0x000000011fffffff]
[    0.000000] Initmem setup node 0 [mem 0x0000000000001000-0x000000011fffffff]
[    0.000000] ACPI: PM-Timer IO Port: 0x4008
[    0.000000] IOAPIC[0]: apic_id 2, version 32, address 0xfec00000, GSI 0-23
[    0.000000] ACPI: INT_SRC_OVR (bus 0 bus_irq 0 global_irq 2 dfl dfl)
[    0.000000] ACPI: INT_SRC_OVR (bus 0 bus_irq 9 global_irq 9 low level)
[    0.000000] Using ACPI (MADT) for SMP configuration information
[    0.000000] smpboot: Allowing 2 CPUs, 0 hotplug CPUs
[    0.000000] PM: Registered nosave memory: [mem 0x00000000-0x00000fff]
[    0.000000] PM: Registered nosave memory: [mem 0x0009f000-0x0009ffff]
[    0.000000] PM: Registered nosave memory: [mem 0x000a0000-0x000effff]
[    0.000000] PM: Registered nosave memory: [mem 0x000f0000-0x000fffff]
[    0.000000] PM: Registered nosave memory: [mem 0xdfff0000-0xdfffffff]
[    0.000000] PM: Registered nosave memory: [mem 0xe0000000-0xfebfffff]
[    0.000000] PM: Registered nosave memory: [mem 0xfec00000-0xfec00fff]
[    0.000000] PM: Registered nosave memory: [mem 0xfec01000-0xfedfffff]
[    0.000000] PM: Registered nosave memory: [mem 0xfee00000-0xfee00fff]
[    0.000000] PM: Registered nosave memory: [mem 0xfee01000-0xfffbffff]
[    0.000000] PM: Registered nosave memory: [mem 0xfffc0000-0xffffffff]
[    0.000000] e820: [mem 0xe0000000-0xfebfffff] available for PCI devices
[    0.000000] Booting paravirtualized kernel on KVM
[    0.000000] clocksource: refined-jiffies: mask: 0xffffffff max_cycles: 0xffffffff, max_idle_ns: 7645519600211568 ns
[    0.000000] setup_percpu: NR_CPUS:512 nr_cpumask_bits:512 nr_cpu_ids:2 nr_node_ids:1
[    0.000000] PERCPU: Embedded 34 pages/cpu @ffff88011fc00000 s99544 r8192 d31528 u1048576
[    0.000000] Built 1 zonelists in Node order, mobility grouping on.  Total pages: 1032056
[    0.000000] Policy zone: Normal
[    0.000000] Kernel command line: BOOT_IMAGE=/boot/vmlinuz-4.4.0-165-generic root=LABEL=cloudimg-rootfs ro console=tty1 console=ttyS0
[    0.000000] PID hash table entries: 4096 (order: 3, 32768 bytes)
[    0.000000] Memory: 4028244K/4193848K available (8621K kernel code, 1335K rwdata, 4032K rodata, 1484K init, 1284K bss, 165604K reserved, 0K cma-reserved)
[    0.000000] SLUB: HWalign=64, Order=0-3, MinObjects=0, CPUs=2, Nodes=1
[    0.000000] Hierarchical RCU implementation.
[    0.000000] 	Build-time adjustment of leaf fanout to 64.
[    0.000000] 	RCU restricting CPUs from NR_CPUS=512 to nr_cpu_ids=2.
[    0.000000] RCU: Adjusting geometry for rcu_fanout_leaf=64, nr_cpu_ids=2
[    0.000000] NR_IRQS:33024 nr_irqs:440 16
[    0.000000] Console: colour VGA+ 80x25
[    0.000000] console [tty1] enabled
[    0.000000] console [ttyS0] enabled
[    0.000000] tsc: Detected 3593.242 MHz processor
[    0.000000] tsc: Marking TSC unstable due to TSCs unsynchronized
[    0.004000] Calibrating delay loop (skipped) preset value.. 7186.48 BogoMIPS (lpj=14372968)
[    0.004000] pid_max: default: 32768 minimum: 301
[    0.004000] ACPI: Core revision 20150930
[    0.004000] ACPI: 2 ACPI AML tables successfully acquired and loaded
[    0.004000] Security Framework initialized
[    0.004000] Yama: becoming mindful.
[    0.004000] AppArmor: AppArmor initialized
[    0.004000] Dentry cache hash table entries: 524288 (order: 10, 4194304 bytes)

[    0.012009] Inode-cache hash table entries: 262144 (order: 9, 2097152 bytes)
[    0.013062] Mount-cache hash table entries: 8192 (order: 4, 65536 bytes)
[    0.016004] Mountpoint-cache hash table entries: 8192 (order: 4, 65536 bytes)
[    0.016921] Initializing cgroup subsys io
[    0.017460] Initializing cgroup subsys memory
[    0.018027] Initializing cgroup subsys devices
[    0.020003] Initializing cgroup subsys freezer
[    0.020592] Initializing cgroup subsys net_cls
[    0.021177] Initializing cgroup subsys perf_event
[    0.021776] Initializing cgroup subsys net_prio
[    0.022358] Initializing cgroup subsys hugetlb
[    0.024002] Initializing cgroup subsys pids
[    0.034229] mce: CPU supports 0 MCE banks
[    0.034777] Last level iTLB entries: 4KB 1024, 2MB 1024, 4MB 512
[    0.036002] Last level dTLB entries: 4KB 2048, 2MB 2048, 4MB 1024, 1GB 0
[    0.036768] Spectre V1 : Mitigation: usercopy/swapgs barriers and __user pointer sanitization
[    0.037830] Spectre V2 : Spectre mitigation: LFENCE not serializing, switching to generic retpoline
[    0.040001] Spectre V2 : Mitigation: Full generic retpoline
[    0.040665] Spectre V2 : Spectre v2 / SpectreRSB mitigation: Filling RSB on context switch
[    0.041728] Speculative Store Bypass: Mitigation: Speculative Store Bypass disabled via prctl and seccomp
[    0.045755] Freeing SMP alternatives memory: 36K
[    0.053135] ftrace: allocating 32318 entries in 127 pages
[    0.076049] smpboot: APIC(0) Converting physical 0 to logical package 0
[    0.080002] smpboot: Max logical packages: 1
[    0.080745] x2apic enabled
[    0.081324] Switched APIC routing to physical x2apic.
[    0.082740] ..TIMER: vector=0x30 apic1=0 pin1=2 apic2=-1 pin2=-1
[    0.088000] smpboot: CPU0: AMD Ryzen 7 3700X 8-Core Processor (family: 0x17, model: 0x71, stepping: 0x0)
[    0.088000] Performance Events: Broken PMU hardware detected, using software events only.
[    0.088000] Failed to access perfctr msr (MSR c0010007 is 0)
[    0.091719] KVM setup paravirtual spinlock
[    0.096061] x86: Booting SMP configuration:
[    0.096647] .... node  #0, CPUs:      #1
[    0.004000] kvm-clock: cpu 1, msr 1:1ffef041, secondary cpu clock
[    0.004000] mce: CPU supports 0 MCE banks
[    0.106399] x86: Booted up 1 node, 2 CPUs
[    0.107075] smpboot: Total of 2 processors activated (14372.96 BogoMIPS)
[    0.108095] devtmpfs: initialized
[    0.110231] evm: security.selinux
[    0.110231] evm: security.SMACK64
[    0.110231] evm: security.SMACK64EXEC
[    0.110231] evm: security.SMACK64TRANSMUTE
[    0.110231] evm: security.SMACK64MMAP
[    0.110231] evm: security.ima
[    0.110487] evm: security.capability
[    0.112057] clocksource: jiffies: mask: 0xffffffff max_cycles: 0xffffffff, max_idle_ns: 7645041785100000 ns
[    0.112057] futex hash table entries: 512 (order: 3, 32768 bytes)
[    0.116029] pinctrl core: initialized pinctrl subsystem
[    0.116741] RTC time: 17:06:13, date: 10/29/19
[    0.117509] NET: Registered protocol family 16
[    0.120004] cpuidle: using governor ladder
[    0.128002] cpuidle: using governor menu
[    0.128543] PCCT header not found.
[    0.129240] ACPI: bus type PCI registered
[    0.129776] acpiphp: ACPI Hot Plug PCI Controller Driver version: 0.5
[    0.136064] PCI: Using configuration type 1 for base access
[    0.136740] PCI: Using configuration type 1 for extended access
[    0.148073] ACPI: Added _OSI(Module Device)
[    0.148659] ACPI: Added _OSI(Processor Device)
[    0.149227] ACPI: Added _OSI(3.0 _SCP Extensions)
[    0.152001] ACPI: Added _OSI(Processor Aggregator Device)
[    0.153007] ACPI: Executed 1 blocks of module-level executable AML code
[    0.154914] ACPI: Interpreter enabled
[    0.155425] ACPI: (supports S0 S5)
[    0.155920] ACPI: Using IOAPIC for interrupt routing
[    0.156000] PCI: Using host bridge windows from ACPI; if necessary, use "pci=nocrs" and report a bug
[    0.157931] ACPI: PCI Root Bridge [PCI0] (domain 0000 [bus 00-ff])
[    0.158667] acpi PNP0A03:00: _OSC: OS supports [ExtendedConfig ASPM ClockPM Segments MSI]
[    0.160024] acpi PNP0A03:00: _OSC: OS now controls [PCIeHotplug PME AER PCIeCapability]
[    0.161202] PCI host bridge to bus 0000:00
[    0.161737] pci_bus 0000:00: root bus resource [io  0x0000-0x0cf7 window]
[    0.162493] pci_bus 0000:00: root bus resource [io  0x0d00-0xffff window]
[    0.163244] pci_bus 0000:00: root bus resource [mem 0x000a0000-0x000bffff window]
[    0.164000] pci_bus 0000:00: root bus resource [mem 0xe0000000-0xfdffffff window]
[    0.164000] pci_bus 0000:00: root bus resource [bus 00-ff]
[    0.165197] pci 0000:00:01.1: legacy IDE quirk: reg 0x10: [io  0x01f0-0x01f7]
[    0.166024] pci 0000:00:01.1: legacy IDE quirk: reg 0x14: [io  0x03f6]
[    0.168004] pci 0000:00:01.1: legacy IDE quirk: reg 0x18: [io  0x0170-0x0177]
[    0.172001] pci 0000:00:01.1: legacy IDE quirk: reg 0x1c: [io  0x0376]
[    0.201726] pci 0000:00:07.0: quirk: [io  0x4000-0x403f] claimed by PIIX4 ACPI
[    0.202687] pci 0000:00:07.0: quirk: [io  0x4100-0x410f] claimed by PIIX4 SMB
[    0.214845] ACPI: PCI Interrupt Link [LNKA] (IRQs 5 9 10 *11)
[    0.216626] ACPI: PCI Interrupt Link [LNKB] (IRQs 5 9 *10 11)
[    0.217623] ACPI: PCI Interrupt Link [LNKC] (IRQs 5 *9 10 11)
[    0.224014] ACPI: PCI Interrupt Link [LNKD] (IRQs 5 9 10 *11)
[    0.228590] ACPI: Enabled 2 GPEs in block 00 to 07
[    0.229347] vgaarb: setting as boot device: PCI:0000:00:02.0
[    0.229347] vgaarb: device added: PCI:0000:00:02.0,decodes=io+mem,owns=io+mem,locks=none
[    0.232002] vgaarb: loaded
[    0.232427] vgaarb: bridge control possible 0000:00:02.0
[    0.244136] SCSI subsystem initialized
[    0.244726] ACPI: bus type USB registered
[    0.244726] usbcore: registered new interface driver usbfs
[    0.245259] usbcore: registered new interface driver hub
[    0.245929] usbcore: registered new device driver usb
[    0.248033] PCI: Using ACPI for IRQ routing
[    0.248749] NetLabel: Initializing
[    0.249229] NetLabel:  domain hash size = 128
[    0.249799] NetLabel:  protocols = UNLABELED CIPSOv4
[    0.250421] NetLabel:  unlabeled traffic allowed by default
[    0.252028] amd_nb: Cannot enumerate AMD northbridges
[    0.256022] clocksource: Switched to clocksource kvm-clock
[    0.294421] AppArmor: AppArmor Filesystem Enabled
[    0.295081] pnp: PnP ACPI init
[    0.295960] pnp: PnP ACPI: found 3 devices
[    0.303254] clocksource: acpi_pm: mask: 0xffffff max_cycles: 0xffffff, max_idle_ns: 2085701024 ns
[    0.304262] NET: Registered protocol family 2
[    0.305008] TCP established hash table entries: 32768 (order: 6, 262144 bytes)
[    0.306016] TCP bind hash table entries: 32768 (order: 7, 524288 bytes)
[    0.323661] TCP: Hash tables configured (established 32768 bind 32768)
[    0.324469] UDP hash table entries: 2048 (order: 4, 65536 bytes)
[    0.325180] UDP-Lite hash table entries: 2048 (order: 4, 65536 bytes)
[    0.325946] NET: Registered protocol family 1
[    0.326504] pci 0000:00:00.0: Limiting direct PCI/PCI transfers
[    0.327199] pci 0000:00:01.0: Activating ISA DMA hang workarounds
[    0.32763 Uacking initramfs...
[    0.327639] Freeing initrd memory: 14828K
[    0.327639] PCI-DMA: Using software bounce buffering for IO (SWIOTLB)
[    0.327639] software IO TLB: mapped [mem 0xdbff0000-0xdfff0000] (64MB)
[    0.32763 clocksource: tsc: mask: 0xffffffffffffffff max_cycles: 0x33cb6301e96, max_idle_ns: 440795265198 ns
    0.327639] platform rtc_cmos: registered platform RTC device (no PNP device found)
[    0.327639] Scanning for low memory corruption every 60 seconds

[    1.073906] audit: initializing netlink subsys (disabled)
[    1.074556] audit: type=2000 audit(1572368780.627:1): initialized
[    1.075408] Initialise system trusted keyring
[    1.076044] HugeTLB registered 2 MB page size, pre-allocated 0 pages
[    1.100689] zbud: loaded
[    1.101424] VFS: Disk quotas dquot_6.6.0
[    1.101988] VFS: Dquot-cache hash table entries: 512 (order 0, 4096 bytes)
[    1.102886] squashfs: version 4.0 (2009/01/31) Phillip Lougher
[    1.103747] fuse init (API version 7.23)
[    1.104386] Key type big_key registered
[    1.104917] Allocating IMA MOK and blacklist keyrings.
[    1.106286] Key type asymmetric registered
[    1.106822] Asymmetric key parser 'x509' registered
[    1.130679] Block layer SCSI generic (bsg) driver version 0.4 loaded (major 249)
[    1.133707] io scheduler noop registered
[    1.134235] io scheduler deadline registered (default)
[    1.134930] io scheduler cfq registered
[    1.135502] pci_hotplug: PCI Hot Plug PCI Core version: 0.5
[    1.136192] pciehp: PCI Express Hot Plug Controller Driver version: 0.4
[    1.137026] ACPI: AC Adapter [AC] (on-line)
[    1.137601] input: Power Button as /devices/LNXSYSTM:00/LNXPWRBN:00/input/input0
[    1.138562] ACPI: Power Button [PWRF]
[    1.139105] input: Sleep Button as /devices/LNXSYSTM:00/LNXSLPBN:00/input/input1
[    1.140078] ACPI: Sleep Button [SLPF]
[    1.140657] GHES: HEST is not enabled!
[    1.141231] Serial: 8250/16550 driver, 32 ports, IRQ sharing enabled
[    1.163330] 00:02: ttyS0 at I/O 0x3f8 (irq = 4, base_baud = 115200) is a 16550A
[    1.165484] Linux agpgart interface v0.103
[    1.166887] loop: module loaded
[    1.167681] scsi host0: ata_piix
[    1.168232] scsi host1: ata_piix
[    1.168705] ata1: PATA max UDMA/33 cmd 0x1f0 ctl 0x3f6 bmdma 0xd000 irq 14
[    1.169472] ata2: PATA max UDMA/33 cmd 0x170 ctl 0x376 bmdma 0xd008 irq 15
[    1.170493] libphy: Fixed MDIO Bus: probed
[    1.187980] tun: Universal TUN/TAP device driver, 1.6
[    1.188641] tun: (C) 1999-2004 Max Krasnyansky <maxk@qualcomm.com>
[    1.189436] PPP generic driver version 2.4.2
[    1.190053] ehci_hcd: USB 2.0 'Enhanced' Host Controller (EHCI) Driver
[    1.190823] ehci-pci: EHCI PCI platform driver
[    1.191395] ehci-platform: EHCI generic platform driver
[    1.192061] ohci_hcd: USB 1.1 'Open' Host Controller (OHCI) Driver
[    1.192771] ohci-pci: OHCI PCI platform driver
[    1.193332] ohci-platform: OHCI generic platform driver
[    1.193986] uhci_hcd: USB Universal Host Controller Interface driver
[    1.194753] i8042: PNP: PS/2 Controller [PNP0303:PS2K,PNP0f03:PS2M] at 0x60,0x64 irq 1,12
[    1.196137] serio: i8042 KBD port at 0x60,0x64 irq 1
[    1.203613] serio: i8042 AUX port at 0x60,0x64 irq 12
[    1.204365] mousedev: PS/2 mouse device common for all mice
[    1.205412] input: AT Translated Set 2 keyboard as /devices/platform/i8042/serio0/input/input2
[    1.206603] rtc_cmos rtc_cmos: rtc core: registered rtc_cmos as rtc0
[    1.207383] rtc_cmos rtc_cmos: alarms up to one day, 114 bytes nvram
[    1.217518] i2c /dev entries driver
[    1.218044] device-mapper: uevent: version 1.0.3
[    1.218704] device-mapper: ioctl: 4.34.0-ioctl (2015-10-28) initialised: dm-devel@redhat.com
[    1.219785] ledtrig-cpu: registered to indicate activity on CPUs
[    1.220785] NET: Registered protocol family 10
[    1.221472] NET: Registered protocol family 17
[    1.222059] Key type dns_resolver registered
[    1.237036] registered taskstats version 1
[    1.237596] Loading compiled-in X.509 certificates
[    1.238562] Loaded X.509 cert 'Build time autogenerated kernel key: 0ed82eac04367aa6426493b1389455ebf6830eaa'
[    1.239781] zswap: loaded using pool lzo/zbud
[    1.241403] Key type trusted registered
[    1.243631] Key type encrypted registered
[    1.244163] AppArmor: AppArmor sha1 policy hashing enabled
[    1.244839] ima: No TPM chip found, activating TPM-bypass!
[    1.245497] ima: Allocated hash algorithm: sha1
[    1.246062] evm: HMAC attrs: 0x1
[    1.257084]   Magic number: 7:74:139
[    1.257649] rtc_cmos rtc_cmos: setting system clock to 2019-10-29 17:06:15 UTC (1572368775)
[    1.260661] BIOS EDD facility v0.16 2004-Jun-25, 0 devices found
[    1.261438] EDD information not available.
[    1.328850] Freeing unused kernel memory: 1484K
[    1.329469] Write protecting the kernel read-only data: 14336k
[    1.330468] Freeing unused kernel memory: 1608K
[    1.331215] Freeing unused kernel memory: 64K
Loading, please wait...
starting version 229
[    1.338508] random: systemd-udevd: uninitialized urandom read (16 bytes read, 3 bits of entropy available)
[    1.338825] random: udevadm: uninitialized urandom read (16 bytes read, 3 bits of entropy available)
[    1.338839] random: udevadm: uninitialized urandom read (16 bytes read, 3 bits of entropy available)
[    1.342020] random: systemd-udevd: uninitialized urandom read (16 bytes read, 3 bits of entropy available)
[    1.343258] random: systemd-udevd: uninitialized urandom read (16 bytes read, 3 bits of entropy available)
[    1.343736] random: udevadm: uninitialized urandom read (16 bytes read, 3 bits of entropy available)
[    1.343766] random: udevadm: uninitialized urandom read (16 bytes read, 3 bits of entropy available)
[    1.343841] random: udevadm: uninitialized urandom read (16 bytes read, 3 bits of entropy available)
[    1.343871] random: udevadm: uninitialized urandom read (16 bytes read, 3 bits of entropy available)
[    1.343901] random: udevadm: uninitialized urandom read (16 bytes read, 3 bits of entropy available)
[    1.375723] e1000: Intel(R) PRO/1000 Network Driver - version 7.3.21-k8-NAPI
[    1.376599] e1000: Copyright (c) 1999-2006 Intel Corporation.
[    1.377702] Fusion MPT base driver 3.04.20
[    1.378254] Copyright (c) 1999-2008 LSI Corporation
[    1.381528] Fusion MPT SPI Host driver 3.04.20
[    1.391903] AVX2 version of gcm_enc/dec engaged.
[    1.394660] AES CTR mode by8 optimization enabled
[    1.603439] input: ImExPS/2 Generic Explorer Mouse as /devices/platform/i8042/serio1/input/input4
[    2.151363] e1000 0000:00:03.0 eth0: (PCI:33MHz:32-bit) 02:0e:9b:2d:5b:92
[    2.194828] e1000 0000:00:03.0 eth0: Intel(R) PRO/1000 Network Connection
[    2.202462] mptbase: ioc0: Initiating bringup
[    2.203489] e1000 0000:00:03.0 enp0s3: renamed from eth0
[    2.268278] ioc0: LSI53C1030 A0: Capabilities={Initiator}
[    2.429143] scsi host2: ioc0: LSI53C1030 A0, FwRev=00000000h, Ports=1, MaxQ=256, IRQ=20
[    2.545078] scsi 2:0:0:0: Direct-Access     VBOX     HARDDISK         1.0  PQ: 0 ANSI: 5
[    2.546139] scsi target2:0:0: Beginning Domain Validation
[    2.553242] scsi target2:0:0: Domain Validation skipping write tests
[    2.555987] scsi target2:0:0: Ending Domain Validation
[    2.565043] scsi target2:0:0: asynchronous
[    2.569859] scsi 2:0:1:0: Direct-Access     VBOX     HARDDISK         1.0  PQ: 0 ANSI: 5
[    2.570946] scsi target2:0:1: Beginning Domain Validation
[    2.571963] scsi target2:0:1: Domain Validation skipping write tests
[    2.572677] scsi target2:0:1: Ending Domain Validation
[    2.573305] scsi target2:0:1: asynchronous
[    2.576398] sd 2:0:0:0: Attached scsi generic sg0 type 0
[    2.577060] sd 2:0:0:0: [sda] 20971520 512-byte logical blocks: (10.7 GB/10.0 GiB)
[    2.578166] sd 2:0:1:0: [sdb] 20480 512-byte logical blocks: (10.5 MB/10.0 MiB)
[    2.579102] sd 2:0:0:0: [sda] Write Protect is off
[    2.579215] sd 2:0:1:0: [sdb] Write Protect is off
[    2.579265] sd 2:0:1:0: [sdb] Incomplete mode parameter data
[    2.579266] sd 2:0:1:0: [sdb] Assuming drive cache: write through
[    2.580198] sd 2:0:1:0: Attached scsi generic sg1 type 0
[    2.580758] sd 2:0:1:0: [sdb] Attached SCSI disk
[    2.607292] sd 2:0:0:0: [sda] Incomplete mode parameter data
[    2.615813] sd 2:0:0:0: [sda] Assuming drive cache: write through
[    2.617274]  sda: sda1
[    2.617961] sd 2:0:0:0: [sda] Attached SCSI disk
Begin: Loading e[    3.866861] md: linear personality registered for level -1
ssential drivers ... [    3.877223] md: multipath personality registered for level -4
[    3.885886] md: raid0 personality registered for level 0
[    3.896167] md: raid1 personality registered for level 1
[    3.964354] raid6: sse2x1   gen()  8837 MB/s
[    4.033726] raid6: sse2x1   xor()  9285 MB/s
[    4.100177] raid6: sse2x2   gen() 17933 MB/s
[    4.168571] raid6: sse2x2   xor() 12304 MB/s
[    4.236506] raid6: sse2x4   gen() 19498 MB/s
[    4.305865] raid6: sse2x4   xor() 11687 MB/s
[    4.373750] raid6: avx2x1   gen() 22095 MB/s
[    4.440723] raid6: avx2x2   gen() 37453 MB/s
[    4.508127] raid6: avx2x4   gen() 36834 MB/s
[    4.508704] raid6: using algorithm avx2x2 gen() 37453 MB/s
[    4.509362] raid6: using avx2x2 recovery algorithm
[    4.510638] xor: automatically using best checksumming function:
[    4.581420]    avx       : 21640.000 MB/sec
[    4.582611] async_tx: api initialized (async)
[    4.589985] md: raid6 personality registered for level 6
[    4.596793] md: raid5 personality registered for level 5
[    4.617266] md: raid4 personality registered for level 4
[    4.620921] md: raid10 personality registered for level 10
done.
Begin: Running /scripts/init-premount ... done.
Begin: Mounting root file system ... Begin: Running /scripts/local-top ... done.
Begin: Running /scripts/local-premount ... [    4.648635] Btrfs loaded
Scanning for Btrfs filesystems
done.
Warning: fsck not present, so skipping root file system
[    4.665090] EXT4-fs (sda1): mounted filesystem with ordered data mode. Opts: (null)
done.
Begin: Running /scripts/local-bottom ... done.
Begin: Running /scripts/init-bottom ... done.
[    4.716527] systemd[1]: systemd 229 running in system mode. (+PAM +AUDIT +SELINUX +IMA +APPARMOR +SMACK +SYSVINIT +UTMP +LIBCRYPTSETUP +GCRYPT +GNUTLS +ACL +XZ -LZ4 +SECCOMP +BLKID +ELFUTILS +KMOD -IDN)
[    4.718580] systemd[1]: Detected virtualization oracle.
[    4.719207] systemd[1]: Detected architecture x86-64.

Welcome to [1mUbuntu 16.04.6 LTS[0m!

[    4.721485] systemd[1]: Set hostname to <ubuntu-xenial>.
[    4.835207] systemd[1]: Listening on Device-mapper event daemon FIFOs.
[[0;32m  OK  [0m] Listening on Device-mapper event daemon FIFOs.
[    4.836985] systemd[1]: Listening on LVM2 poll daemon socket.
[[0;32m  OK  [0m] Listening on LVM2 poll daemon socket.
[    4.838537] systemd[1]: Listening on Journal Socket (/dev/log).
[[0;32m  OK  [0m] Listening on Journal Socket (/dev/log).
[    4.840090] systemd[1]: Listening on Journal Audit Socket.
[[0;32m  OK  [0m] Listening on Journal Audit Socket.
[    4.841573] systemd[1]: Started Forward Password Requests to Wall Directory Watch.
[[0;32m  OK  [0m] Started Forward Password Requests to Wall Directory Watch.
[    4.843525] systemd[1]: Listening on udev Control Socket.
[[0;32m  OK  [0m] Listening on udev Control Socket.
[    4.844953] systemd[1]: Listening on /dev/initctl Compatibility Named Pipe.
[[0;32m  OK  [0m] Listening on /dev/initctl Compatibility Named Pipe.
[    4.850398] systemd[1]: Reached target System Time Synchronized.
[[0;32m  OK  [0m] Reached target System Time Synchronized.
[    4.851953] systemd[1]: Reached target Encrypted Volumes.
[[0;32m  OK  [0m] Reached target Encrypted Volumes.
[    4.853411] systemd[1]: Listening on LVM2 metadata daemon socket.
[[0;32m  OK  [0m] Listening on LVM2 metadata daemon socket.
[    4.855154] systemd[1]: Created slice System Slice.
[[0;32m  OK  [0m] Created slice System Slice.
[    4.856632] systemd[1]: Created slice system-serial\x2dgetty.slice.
[[0;32m  OK  [0m] Created slice system-serial\x2dgetty.slice.
[    4.858278] systemd[1]: Reached target Swap.
[[0;32m  OK  [0m] Reached target Swap.
[    4.859594] systemd[1]: Listening on Journal Socket.
[[0;32m  OK  [0m] Listening on Journal Socket.
[    4.876761] systemd[1]: Mounting Huge Pages File System...
         Mounting Huge Pages File System...
[    4.885199] systemd[1]: Starting Create list of required static device nodes for the current kernel...
         Starting Create list of required st... nodes for the current kernel...
[    4.895874] systemd[1]: Starting Remount Root and Kernel File Systems...
         Starting Remount Root and Kernel File Systems...
[    4.911429] systemd[1]: Starting Set console keymap...
         [    4.935747] EXT4-fs (sda1): re-mounted. Opts: (null)
Starting Set console keymap...
[    4.937229] systemd[1]: Mounting Debug File System...
         Mounting Debug File System...
[    4.939024] systemd[1]: Starting Monitoring of LVM2 mirrors, snapshots etc. using dmeventd or progress polling...
         Starting Monitoring of LVM2 mirrors... dmeventd or progress polling...
[    4.941486] systemd[1]: Set up automount Arbitrary Executable File Formats File System Automount Point.
[[0;32m  OK  [0m] Set up automount Arbitrary Executab...ats File System Automount Point.
[    4.952690] systemd[1]: Starting Uncomplicated firewall...
         Starting Uncomplicated firewall...
[    4.961468] systemd[1]: Mounting POSIX Message Queue File System...
         Mounting POSIX Message Queue File System...
[    4.965074] systemd[1]: Started Trigger resolvconf update for networkd DNS.
[[0;32m  OK  [0m] Started Trigger resolvconf update for networkd DNS.
[    4.992256] systemd[1]: Listening on udev Kernel Socket.
[[0;32m  OK  [0m] Listening on udev Kernel Socket.
[    4.993489] systemd[1]: Reached target User and Group Name Lookups.
[[0;32m  OK  [0m] Reached target User and Group Name Lookups.
[    4.995917] systemd[1]: Starting Load Kernel Modules...
         Starting Load Kernel Modules...
[    5.003917] systemd[1]: Listening on Syslog Socket.
[[0;32m  OK  [0[    5.007708] Loading iSCSI transport class v2.0-870.
m] Listening on Syslog Socket.
[    5.009861] systemd[1]: Starting Journal Service...
         Starting Journal Service...
[    5.011257] systemd[1]: Starting Nameserver information manager...
         Starting Nameserver information manager...
[    5.012941] systemd[1]: Created slice User and Session Slice.
[[0;32m  OK  [0m] Created slice User and Session Slice.
[    5.017816] systemd[1]: Reached target Slices.
[[0;32m  OK  [0m] Reached target Slices.
[    5.019014] iscsi: registered transport (tcp)
[    5.019655] systemd[1]: Mounted POSIX Message Queue File System.
[[0;32m  OK  [0m] Mounted POSIX Message Queue File System.
[    5.047859] systemd[1]: Mounted Debug File System.
[[0;32m  OK  [0m] Mounted Debug File System.
[    5.049110] systemd[1]: Mounted Huge Pages File System.
[[0;32m  OK  [0m] Mounted Huge Pages File System.
[    5.050662] systemd[1]: Started Create list of required static device nodes for the current kernel.
[[0;32m  OK  [0m] Started Create list of required sta...ce nodes for the current kernel.
[    5.077797] systemd[1]: Started Remount Root and Kernel File Systems.
[[0;32m  OK  [0m] Started Remount Root and Kernel File Systems.
[    5.079623] systemd[1]: Started Set console keymap.
[[0;32m  OK  [0m] Started Set console keymap.
[    5.081440] systemd[1]: Started Uncomplicated firewall.
[[0;32m  OK  [0m] Started Uncomplicated firewall.
[    5.083679] systemd[1]: Started Journal Service.
[[0;32m  OK  [0m] Started Journal Service.
[[0;32m  OK  [0m] Started Nameserver information manager.
[    5.122034] iscsi: registered transport (iser)
[[0;32m  OK  [0m] Started Load Kernel Modules.
         Mounting FUSE Control File System...
         Starting Apply Kernel Variables...
[    5.143196] random: nonblocking pool is initialized
[[0;32m  OK  [0m] Started LVM2 metadata daemon.
         Starting udev Coldplug all Devices...
         Starting Flush Journal to Persistent Storage...
         Starting Load/Save Random Seed...
         Starting Create Static Device Nodes in /dev...
[[0;32m  OK  [0m] Mounted FUSE Control File System.
[[0;32m  OK  [0m] Started Apply Kernel Variables.
[[0;32m  OK  [0m] Started Load/Save Random Seed.
[[0;32m  OK  [0m] Started udev Coldplug all Devices.
[[0;32m  OK  [0m] Started Create Static Device Nodes in /dev.
[[0;32m  OK  [0m] Started Flush Journal to Persistent Storage.
         Starting udev Kernel Device Manager...
[[0;32m  OK  [0m] Started Monitoring of LVM2 mirrors,...ng dmeventd or progress polling.
[[0;32m  OK  [0m] Reached target Local File Systems (Pre).
[[0;32m  OK  [0m] Reached target Local File Systems.
         Starting Set console font and keymap...
         Starting Tell Plymouth To Write Out Runtime Data...
         Starting LSB: AppArmor initialization...
         Starting Initial cloud-init job (pre-networking)...
         Starting Create Volatile Files and Directories...
[[0;32m  OK  [0m] Started Tell Plymouth To Write Out Runtime Data.
[[0;32m  OK  [0m] Started udev Kernel Device Manager.
[[0;32m  OK  [0m] Started Dispatch Password Requests to Console Directory Watch.
[[0;32m  OK  [0m] Started LSB: AppArmor initialization.
[[0;32m  OK  [0m] Started Create Volatile Files and Directories.
         Starting Update UTMP about System Boot/Shutdown...
[[0;32m  OK  [0m] Started Update UTMP about System Boot/Shutdown.
[[0;32m  OK  [0m] Found device /dev/ttyS0.
[[0;32m  OK  [0m] Started Set console font and keymap.
[[0;32m  OK  [0m] Created slice system-getty.slice.
[[0;32m  OK  [0m] Listening on Load/Save RF Kill Switch Status /dev/rfkill Watch.
[[0;32m  OK  [0m] Found device 82540EM Gigabit Ethern...r (PRO/1000 MT Desktop Adapter).
[    6.666363] cloud-init[478]: Cloud-init v. 19.2-36-g059d049c-0ubuntu1~16.04.1 running 'init-local' at Tue, 29 Oct 2019 17:06:20 +0000. Up 6.48 seconds.
[[0;32m  OK  [0m] Started Initial cloud-init job (pre-networking).
[[0;32m  OK  [0m] Reached target Network (Pre).
         Starting Raise network interfaces...
[[0;32m  OK  [0m] Started ifup for enp0s3.
[[0;32m  OK  [0m] Started Raise network interfaces.
         Starting Initial cloud-init job (metadata service crawler)...
[[0;32m  OK  [0m] Reached target Network.
[    7.181402] cloud-init[1099]: Cloud-init v. 19.2-36-g059d049c-0ubuntu1~16.04.1 running 'init' at Tue, 29 Oct 2019 17:06:21 +0000. Up 7.02 seconds.
[    7.182792] cloud-init[1099]: ci-info: +++++++++++++++++++++++++++++++++++++Net device info++++++++++++++++++++++++++++++++++++++
[    7.183970] cloud-init[1099]: ci-info: +--------+------+---------------------------+---------------+--------+-------------------+
[    7.185113] cloud-init[1099]: ci-info: | Device |  Up  |          Address          |      Mask     | Scope  |     Hw-Address    |
[    7.188755] cloud-init[1099]: ci-info: +--------+------+---------------------------+---------------+--------+-------------------+
[    7.189944] cloud-init[1099]: ci-info: | enp0s3 | True |         10.0.2.15         | 255.255.255.0 | global | 02:0e:9b:2d:5b:92 |
[    7.191097] cloud-init[1099]: ci-info: | enp0s3 | True | fe80::e:9bff:fe2d:5b92/64 |       .       |  link  | 02:0e:9b:2d:5b:92 |
[    7.193509] cloud-init[1099]: ci-info: |   lo   | True |         127.0.0.1         |   255.0.0.0   |  host  |         .         |
[    7.194673] cloud-init[1099]: ci-info: |   lo   | True |          ::1/128          |       .       |  host  |         .         |
[    7.195824] cloud-init[1099]: ci-info: +--------+------+---------------------------+---------------+--------+-------------------+
[    7.197017] cloud-init[1099]: ci-info: +++++++++++++++++++++++++++Route IPv4 info++++++++++++++++++++++++++++
[    7.197972] cloud-init[1099]: ci-info: +-------+-------------+----------+---------------+-----------+-------+
[    7.198918] cloud-init[1099]: ci-info: | Route | Destination | Gateway  |    Genmask    | Interface | Flags |
[    7.199874] cloud-init[1099]: ci-info: +-------+-------------+----------+---------------+-----------+-------+
[    7.200929] cloud-init[1099]: ci-info: |   0   |   0.0.0.0   | 10.0.2.2 |    0.0.0.0    |   enp0s3  |   UG  |
[    7.201928] cloud-init[1099]: ci-info: |   1   |   10.0.2.0  | 0.0.0.0  | 255.255.255.0 |   enp0s3  |   U   |
[    7.202919] cloud-init[1099]: ci-info: +-------+-------------+----------+---------------+-----------+-------+
[    7.203883] cloud-init[1099]: ci-info: +++++++++++++++++++Route IPv6 info+++++++++++++++++++
[    7.204801] cloud-init[1099]: ci-info: +-------+-------------+---------+-----------+-------+
[    7.205724] cloud-init[1099]: ci-info: | Route | Destination | Gateway | Interface | Flags |
[    7.206693] cloud-init[1099]: ci-info: +-------+-------------+---------+-----------+-------+
[    7.209577] cloud-init[1099]: ci-info: |   0   |  fe80::/64  |    ::   |   enp0s3  |   U   |
[    7.210505] cloud-init[1099]: ci-info: |   3   |   ff00::/8  |    ::   |   enp0s3  |   U   |
[    7.218971] cloud-init[1099]: ci-info: +-------+-------------+---------+-----------+-------+
[[0;32m  OK  [0m] Started Initial cloud-init job (metadata service crawler).
[[0;32m  OK  [0m] Reached target Cloud-config availability.
[[0;32m  OK  [0m] Reached target Network is Online.
         Starting iSCSI initiator daemon (iscsid)...
[[0;32m  OK  [0m] Reached target System Initialization.
[[0;32m  OK  [0m] Started Daily apt download activities.
[[0;32m  OK  [0m] Listening on D-Bus System Message Bus Socket.
[[0;32m  OK  [0m] Started ACPI Events Check.
[[0;32m  OK  [0m] Reached target Paths.
         Starting Socket activation for snappy daemon.
[[0;32m  OK  [0m] Listening on ACPID Listen Socket.
         Starting LXD - unix socket.
[[0;32m  OK  [0m] Listening on UUID daemon activation socket.
         Starting Docker Socket for the API.
[[0;32m  OK  [0m] Started Daily apt upgrade and clean activities.
[[0;32m  OK  [0m] Started Daily Cleanup of Temporary Directories.
[[0;32m  OK  [0m] Reached target Timers.
[[0;32m  OK  [0m] Listening on Socket activation for snappy daemon.
[[0;32m  OK  [0m] Listening on LXD - unix socket.
[[0;32m  OK  [0m] Listening on Docker Socket for the API.
[[0;32m  OK  [0m] Started iSCSI initiator daemon (iscsid).
         Starting Login to default iSCSI targets...
[[0;32m  OK  [0m] Reached target Sockets.
[[0;32m  OK  [0m] Reached target Basic System.
         Starting Virtualbox guest utils...
         Starting containerd container runtime...
         Starting OpenBSD Secure Shell server...
         Starting Login Service...
[[0;32m  OK  [0m] Started FUSE filesystem for LXC.
         Starting Accounts Service...
         Starting /etc/rc.local Compatibility...
         Starting System Logging Service...
[[0;32m  OK  [0m] Started Regular background program processing daemon.
         Starting Ubuntu FAN network setup...
[[0;32m  OK  [0m] Started ACPI event daemon.
[[0;32m  OK  [0m] Started Deferred execution scheduler.
[[0;32m  OK  [0m] Started D-Bus System Message Bus.
         Starting LXD - container startup/shutdown...
         Starting LSB: Record successful boot for GRUB...
         Starting LSB: MD monitoring daemon...
         Starting Snappy daemon...
[[0;32m  OK  [0m] Started System Logging Service.
[[0;32m  OK  [0m] Started containerd container runtime.
[[0;32m  OK  [0m] Started /etc/rc.local Compatibility.
[[0;32m  OK  [0m] Started Ubuntu FAN network setup.
[[0;32m  OK  [0m] Started OpenBSD Secure Shell server.
[[0;32m  OK  [0m] Started Login to default iSCSI targets.
         Starting Authenticate and Authorize Users to Run Privileged Tasks...
[[0;32m  OK  [0m] Reached target Remote File Systems (Pre).
[[0;32m  OK  [0m] Reached target Remote File Systems.
         Starting LSB: Start Jenkins at boot time...
         Starting LSB: automatic crash report generation...
         Starting LSB: Set the CPU Frequency Scaling governor to "ondemand"...
         Starting LSB: Set up cgroupfs mounts....
         Starting LSB: daemon to balance interrupts for SMP systems...
         Starting Permit User Sessions...
         Starting Docker Application Container Engine...
[[0;32m  OK  [0m] Started Virtualbox guest utils.
[[0;32m  OK  [0m] Started LSB: Record successful boot for GRUB.
[[0;32m  OK  [0m] Started LSB: MD monitoring daemon.
[[0;32m  OK  [0m] Started LSB: Set up cgroupfs mounts..
[[0;32m  OK  [0m] Started Permit User Sessions.
[[0;32m  OK  [0m] Started Login Service.
[[0;32m  OK  [0m] Started Authenticate and Authorize Users to Run Privileged Tasks.
[[0;32m  OK  [0m] Started Accounts Service.
[[0;32m  OK  [0m] Started Unattended Upgrades Shutdown.
         Starting Terminate Plymouth Boot Screen...
         Starting Hold until boot process finishes up...
[[0;32m  OK  [0m] Started LSB: automatic crash report generation.
[[0;32m  OK  [0m] Started LSB: Set the CPU Frequency Scaling governor to "ondemand".
[[0;32m  OK  [0m] Started LSB: daemon to balance interrupts for SMP systems.
[[0;32m  OK  [0m] Started LXD - container startup/shutdown.
[[0;32m  OK  [0m] Started Terminate Plymouth Boot Screen.
[[0;32m  OK  [0m] Started Hold until boot process finishes up.
[[0;32m  OK  [0m] Started Serial Getty on ttyS0.
[[0;32m  OK  [0m] Started Getty on tty1.
[[0;32m  OK  [0m] Reached target Login Prompts.
         Starting Set console scheme...
[[0;32m  OK  [0m] Started Set console scheme.
[[0;32m  OK  [0m] Started Snappy daemon.
         Starting Wait until snapd is fully seeded...
[[0;32m  OK  [0m] Started Wait until snapd is fully seeded.
         Starting Apply the settings specified in cloud-config...
[[0;32m  OK  [0m] Created slice User Slice of vagrant.
[[0;32m  OK  [0m] Started Session 1 of user vagrant.
         Starting User Manager for UID 1000...
[[0;32m  OK  [0m] Started User Manager for UID 1000.
[[0;32m  OK  [0m] Created slice User Slice of jenkins.
         Starting User Manager for UID 112...
[[0;32m  OK  [0m] Started Session c1 of user jenkins.
[[0;32m  OK  [0m] Started User Manager for UID 112.
[   13.120413] cloud-init[1389]: Cloud-init v. 19.2-36-g059d049c-0ubuntu1~16.04.1 running 'modules:config' at Tue, 29 Oct 2019 17:06:26 +0000. Up 12.47 seconds.
[[0;32m  OK  [0m] Started Apply the settings specified in cloud-config.
[[0;32m  OK  [0m] Started LSB: Start Jenkins at boot time.
[[0;32m  OK  [0m] Started Docker Application Container Engine.
[[0;32m  OK  [0m] Reached target Multi-User System.
         Starting Execute cloud user/final scripts...
[[0;32m  OK  [0m] Reached target Graphical Interface.
         Starting Update UTMP about System Runlevel Changes...
[   15.717359] cloud-init[1729]: Cloud-init v. 19.2-36-g059d049c-0ubuntu1~16.04.1 running 'modules:final' at Tue, 29 Oct 2019 17:06:29 +0000. Up 15.57 seconds.
[   15.717505] cloud-init[1729]: Cloud-init v. 19.2-36-g059d049c-0ubuntu1~16.04.1 finished at Tue, 29 Oct 2019 17:06:29 +0000. Datasource DataSourceNoCloud [seed=/dev/sdb][dsmode=net].  Up 15.71 seconds

Ubuntu 16.04.6 LTS ubuntu-xenial ttyS0

ubuntu-xenial login: 